START txn-A [key1]
COMMIT txn-A
START txn-slow [key1]
COMMIT txn-slow
START txn-fast [key1]
COMMIT txn-fast
COMMIT txn-fast-1
RAFT_PROPOSE txn-slow-2 [HOT_KEY]
COMMIT txn-slow-1
COMMIT txn-slow-2
RAFT_PROPOSE txn-slow-2 [HOT_KEY]
COMMIT txn-slow-1
COMMIT txn-slow-2
COMMIT txn-slow-2
RAFT_PROPOSE txn-slow-2 [HOT_KEY]
COMMIT txn-slow-2
RAFT_PROPOSE txn-slow-2 [HOT_KEY]
RAFT_PROPOSE txn-slow-2 [HOT_KEY]
COMMIT txn-slow-2
COMMIT txn-slow-2
COMMIT txn-slow-2
RAFT_PROPOSE txn-slow-2 [HOT_KEY]
RAFT_PROPOSE txn-slow-2 [HOT_KEY]
RAFT_PROPOSE txn-slow-2 [HOT_KEY]
RAFT_PROPOSE txn-slow-2 [HOT_KEY]
COMMIT txn-slow-1
ABORT txn-slow-2
ABORT txn-slow-2
ABORT txn-slow-2
COMMIT txn-slow-2
RAFT_PROPOSE txn-slow-2 [HOT_KEY]
RAFT_PROPOSE txn-slow-2 [HOT_KEY]
RAFT_PROPOSE txn-slow-2 [HOT_KEY]
RAFT_PROPOSE txn-slow-2 [HOT_KEY]
COMMIT txn-slow-1
ABORT txn-slow-2
ABORT txn-slow-2
ABORT txn-slow-2
COMMIT txn-slow-2
COMMIT txn-dist-1
ABORT txn-fail-1
COMMIT txn-39
ABORT txn-3
ABORT txn-47
ABORT txn-15
ABORT txn-38
ABORT txn-16
ABORT txn-0
ABORT txn-41
ABORT txn-20
ABORT txn-5
ABORT txn-19
ABORT txn-32
ABORT txn-29
ABORT txn-31
ABORT txn-49
ABORT txn-24
ABORT txn-21
ABORT txn-42
ABORT txn-33
ABORT txn-10
ABORT txn-37
ABORT txn-25
ABORT txn-11
ABORT txn-14
ABORT txn-27
ABORT txn-48
ABORT txn-8
ABORT txn-7
ABORT txn-34
ABORT txn-18
ABORT txn-44
ABORT txn-26
ABORT txn-17
ABORT txn-2
ABORT txn-35
ABORT txn-30
ABORT txn-9
ABORT txn-6
ABORT txn-12
ABORT txn-43
ABORT txn-22
ABORT txn-1
ABORT txn-28
ABORT txn-45
ABORT txn-13
ABORT txn-4
ABORT txn-36
ABORT txn-23
ABORT txn-46
ABORT txn-40
COMMIT txn-39
ABORT txn-12
ABORT txn-5
ABORT txn-9
ABORT txn-49
ABORT txn-46
ABORT txn-41
ABORT txn-1
ABORT txn-6
ABORT txn-40
ABORT txn-38
ABORT txn-20
ABORT txn-3
ABORT txn-25
ABORT txn-17
ABORT txn-28
ABORT txn-0
ABORT txn-29
ABORT txn-24
ABORT txn-4
ABORT txn-34
ABORT txn-11
ABORT txn-13
ABORT txn-27
ABORT txn-32
ABORT txn-8
ABORT txn-16
ABORT txn-30
ABORT txn-18
ABORT txn-37
ABORT txn-14
ABORT txn-22
ABORT txn-33
ABORT txn-21
ABORT txn-23
ABORT txn-15
ABORT txn-10
ABORT txn-44
ABORT txn-45
ABORT txn-26
ABORT txn-48
ABORT txn-31
ABORT txn-7
ABORT txn-35
ABORT txn-47
ABORT txn-2
ABORT txn-36
ABORT txn-42
ABORT txn-43
ABORT txn-19
COMMIT txn-42
COMMIT txn-11
COMMIT txn-33
COMMIT txn-27
COMMIT txn-23
COMMIT txn-1
COMMIT txn-4
COMMIT txn-16
COMMIT txn-5
COMMIT txn-29
COMMIT txn-31
COMMIT txn-22
COMMIT txn-34
COMMIT txn-24
COMMIT txn-39
COMMIT txn-14
COMMIT txn-43
COMMIT txn-21
COMMIT txn-35
COMMIT txn-41
COMMIT txn-19
COMMIT txn-8
COMMIT txn-28
COMMIT txn-49
COMMIT txn-18
COMMIT txn-7
COMMIT txn-40
COMMIT txn-9
COMMIT txn-15
COMMIT txn-46
COMMIT txn-6
COMMIT txn-0
COMMIT txn-32
COMMIT txn-25
COMMIT txn-3
COMMIT txn-17
COMMIT txn-45
COMMIT txn-12
COMMIT txn-2
COMMIT txn-37
COMMIT txn-10
COMMIT txn-44
COMMIT txn-30
COMMIT txn-48
COMMIT txn-36
COMMIT txn-13
COMMIT txn-26
COMMIT txn-38
COMMIT txn-47
COMMIT txn-20
COMMIT txn-7
ABORT txn-35
ABORT txn-9
ABORT txn-28
ABORT txn-23
ABORT txn-42
ABORT txn-22
ABORT txn-11
ABORT txn-18
ABORT txn-8
ABORT txn-33
ABORT txn-46
ABORT txn-26
ABORT txn-37
ABORT txn-49
ABORT txn-5
ABORT txn-14
ABORT txn-17
ABORT txn-13
ABORT txn-27
ABORT txn-3
ABORT txn-4
ABORT txn-15
ABORT txn-48
ABORT txn-21
ABORT txn-12
ABORT txn-39
ABORT txn-36
ABORT txn-38
ABORT txn-44
ABORT txn-1
ABORT txn-20
ABORT txn-47
ABORT txn-32
ABORT txn-0
ABORT txn-45
ABORT txn-29
ABORT txn-25
ABORT txn-6
ABORT txn-10
ABORT txn-2
ABORT txn-41
ABORT txn-19
ABORT txn-34
ABORT txn-16
ABORT txn-40
ABORT txn-24
ABORT txn-31
ABORT txn-43
ABORT txn-30
COMMIT txn-16
ABORT txn-15
ABORT txn-48
ABORT txn-24
ABORT txn-33
ABORT txn-46
ABORT txn-22
ABORT txn-3
ABORT txn-39
ABORT txn-30
ABORT txn-14
ABORT txn-28
ABORT txn-17
ABORT txn-9
ABORT txn-12
ABORT txn-19
ABORT txn-4
ABORT txn-25
ABORT txn-13
ABORT txn-44
ABORT txn-27
ABORT txn-0
ABORT txn-34
ABORT txn-2
ABORT txn-5
ABORT txn-36
ABORT txn-38
ABORT txn-42
ABORT txn-6
ABORT txn-35
ABORT txn-40
ABORT txn-31
ABORT txn-29
ABORT txn-47
ABORT txn-18
ABORT txn-26
ABORT txn-23
ABORT txn-21
ABORT txn-49
ABORT txn-32
ABORT txn-37
ABORT txn-11
ABORT txn-43
ABORT txn-20
ABORT txn-1
ABORT txn-45
ABORT txn-8
ABORT txn-41
ABORT txn-7
ABORT txn-10
COMMIT txn-47
COMMIT txn-13
ABORT txn-37
COMMIT txn-35
COMMIT txn-15
COMMIT txn-28
COMMIT txn-41
COMMIT txn-44
COMMIT txn-35
COMMIT txn-8
COMMIT txn-4
COMMIT txn-31
COMMIT txn-33
COMMIT txn-48
COMMIT txn-45
COMMIT txn-22
COMMIT txn-40
COMMIT txn-24
COMMIT txn-6
COMMIT txn-5
COMMIT txn-20
COMMIT txn-47
COMMIT txn-27
COMMIT txn-7
COMMIT txn-38
COMMIT txn-37
COMMIT txn-13
COMMIT txn-9
COMMIT txn-42
COMMIT txn-39
COMMIT txn-10
COMMIT txn-18
COMMIT txn-30
COMMIT txn-14
COMMIT txn-26
COMMIT txn-0
COMMIT txn-3
COMMIT txn-29
COMMIT txn-2
COMMIT txn-36
COMMIT txn-1
COMMIT txn-49
COMMIT txn-16
COMMIT txn-34
COMMIT txn-19
COMMIT txn-23
COMMIT txn-21
COMMIT txn-11
COMMIT txn-43
COMMIT txn-32
COMMIT txn-25
COMMIT txn-17
COMMIT txn-46
COMMIT txn-12
COMMIT txn-17
COMMIT txn-27
COMMIT txn-39
COMMIT txn-23
COMMIT txn-9
COMMIT txn-47
COMMIT txn-26
COMMIT txn-20
COMMIT txn-4
COMMIT txn-2
COMMIT txn-40
COMMIT txn-7
COMMIT txn-13
COMMIT txn-1
COMMIT txn-3
COMMIT txn-44
COMMIT txn-46
COMMIT txn-32
COMMIT txn-6
COMMIT txn-16
COMMIT txn-33
COMMIT txn-11
COMMIT txn-10
COMMIT txn-48
COMMIT txn-29
COMMIT txn-18
COMMIT txn-43
COMMIT txn-28
COMMIT txn-37
COMMIT txn-19
COMMIT txn-45
COMMIT txn-35
COMMIT txn-22
COMMIT txn-49
COMMIT txn-31
COMMIT txn-36
COMMIT txn-38
COMMIT txn-24
COMMIT txn-34
COMMIT txn-12
COMMIT txn-42
COMMIT txn-41
COMMIT txn-14
COMMIT txn-5
COMMIT txn-15
COMMIT txn-0
COMMIT txn-30
COMMIT txn-8
COMMIT txn-25
COMMIT txn-21
COMMIT txn-26
COMMIT txn-30
COMMIT txn-9
COMMIT txn-4
COMMIT txn-0
ABORT txn-4
ABORT txn-7
ABORT txn-1
ABORT txn-40
ABORT txn-31
ABORT txn-26
ABORT txn-34
ABORT txn-3
ABORT txn-11
ABORT txn-44
ABORT txn-24
ABORT txn-43
ABORT txn-12
ABORT txn-47
ABORT txn-45
ABORT txn-39
ABORT txn-27
ABORT txn-14
ABORT txn-5
ABORT txn-42
ABORT txn-46
ABORT txn-37
ABORT txn-33
ABORT txn-13
ABORT txn-9
ABORT txn-2
ABORT txn-20
ABORT txn-16
ABORT txn-22
ABORT txn-15
ABORT txn-35
ABORT txn-6
ABORT txn-17
ABORT txn-10
ABORT txn-36
ABORT txn-30
ABORT txn-48
ABORT txn-29
ABORT txn-23
ABORT txn-49
ABORT txn-41
ABORT txn-38
ABORT txn-8
ABORT txn-25
ABORT txn-19
ABORT txn-32
ABORT txn-21
ABORT txn-18
ABORT txn-28
COMMIT txn-22
COMMIT txn-24
COMMIT txn-44
COMMIT txn-33
COMMIT txn-17
COMMIT txn-46
COMMIT txn-5
COMMIT txn-42
COMMIT txn-34
COMMIT txn-37
COMMIT txn-36
COMMIT txn-47
COMMIT txn-10
COMMIT txn-9
COMMIT txn-20
COMMIT txn-2
COMMIT txn-30
COMMIT txn-11
COMMIT txn-31
COMMIT txn-48
COMMIT txn-8
COMMIT txn-40
COMMIT txn-13
COMMIT txn-16
COMMIT txn-35
COMMIT txn-23
COMMIT txn-38
COMMIT txn-7
COMMIT txn-45
COMMIT txn-14
COMMIT txn-41
COMMIT txn-19
COMMIT txn-43
COMMIT txn-18
COMMIT txn-25
COMMIT txn-49
COMMIT txn-0
COMMIT txn-21
COMMIT txn-32
COMMIT txn-29
COMMIT txn-1
COMMIT txn-28
COMMIT txn-3
COMMIT txn-6
COMMIT txn-39
COMMIT txn-15
COMMIT txn-12
COMMIT txn-27
COMMIT txn-26
COMMIT txn-4
COMMIT txn-27
ABORT txn-11
ABORT txn-4
ABORT txn-35
ABORT txn-31
ABORT txn-30
ABORT txn-22
ABORT txn-45
ABORT txn-28
ABORT txn-49
ABORT txn-26
ABORT txn-10
ABORT txn-32
ABORT txn-3
ABORT txn-33
ABORT txn-7
ABORT txn-15
ABORT txn-37
ABORT txn-34
ABORT txn-9
ABORT txn-36
ABORT txn-2
ABORT txn-17
ABORT txn-21
ABORT txn-14
ABORT txn-48
ABORT txn-19
ABORT txn-23
ABORT txn-29
ABORT txn-41
ABORT txn-8
ABORT txn-42
ABORT txn-16
ABORT txn-44
ABORT txn-1
ABORT txn-13
ABORT txn-47
ABORT txn-24
ABORT txn-46
ABORT txn-38
ABORT txn-5
ABORT txn-40
ABORT txn-39
ABORT txn-0
ABORT txn-25
ABORT txn-12
ABORT txn-43
ABORT txn-18
ABORT txn-6
ABORT txn-20
COMMIT txn-15
COMMIT txn-1
COMMIT txn-13
COMMIT txn-18
COMMIT txn-9
COMMIT txn-17
COMMIT txn-47
COMMIT txn-19
COMMIT txn-4
ABORT txn-46
ABORT txn-45
COMMIT txn-11
COMMIT txn-0
COMMIT txn-25
COMMIT txn-26
ABORT txn-48
COMMIT txn-34
COMMIT txn-10
COMMIT txn-5
COMMIT txn-21
COMMIT txn-22
COMMIT txn-35
COMMIT txn-29
COMMIT txn-24
COMMIT txn-16
COMMIT txn-7
COMMIT txn-32
COMMIT txn-12
COMMIT txn-38
COMMIT txn-30
COMMIT txn-33
COMMIT txn-27
COMMIT txn-2
ABORT txn-49
COMMIT txn-8
COMMIT txn-20
COMMIT txn-39
COMMIT txn-14
COMMIT txn-37
ABORT txn-40
ABORT txn-43
ABORT txn-41
COMMIT txn-28
ABORT txn-42
COMMIT txn-3
ABORT txn-44
COMMIT txn-23
COMMIT txn-31
COMMIT txn-36
COMMIT txn-6
COMMIT txn-5
COMMIT txn-42
COMMIT txn-22
COMMIT txn-3
COMMIT txn-29
COMMIT txn-19
COMMIT txn-0
COMMIT txn-21
COMMIT txn-20
COMMIT txn-13
COMMIT txn-11
ABORT txn-49
COMMIT txn-14
COMMIT txn-38
COMMIT txn-8
COMMIT txn-35
ABORT txn-48
ABORT txn-45
COMMIT txn-36
COMMIT txn-24
COMMIT txn-18
COMMIT txn-16
ABORT txn-46
COMMIT txn-2
COMMIT txn-25
COMMIT txn-12
COMMIT txn-37
ABORT txn-43
COMMIT txn-32
COMMIT txn-17
COMMIT txn-33
ABORT txn-41
COMMIT txn-15
COMMIT txn-39
COMMIT txn-30
ABORT txn-40
COMMIT txn-31
COMMIT txn-1
COMMIT txn-6
COMMIT txn-4
COMMIT txn-7
ABORT txn-44
COMMIT txn-26
COMMIT txn-34
COMMIT txn-28
COMMIT txn-27
ABORT txn-47
COMMIT txn-23
COMMIT txn-10
COMMIT txn-9
RAFT_PROPOSE txn-43 [HOT_KEY]
RAFT_PROPOSE txn-44 [HOT_KEY]
RAFT_PROPOSE txn-46 [HOT_KEY]
RAFT_PROPOSE txn-45 [HOT_KEY]
RAFT_PROPOSE txn-47 [HOT_KEY]
RAFT_PROPOSE txn-40 [HOT_KEY]
RAFT_PROPOSE txn-49 [HOT_KEY]
COMMIT txn-6
COMMIT txn-31
COMMIT txn-27
COMMIT txn-38
COMMIT txn-15
COMMIT txn-23
COMMIT txn-17
COMMIT txn-21
COMMIT txn-39
COMMIT txn-0
COMMIT txn-12
COMMIT txn-25
COMMIT txn-24
COMMIT txn-32
COMMIT txn-28
COMMIT txn-34
COMMIT txn-14
COMMIT txn-19
COMMIT txn-30
COMMIT txn-37
COMMIT txn-4
COMMIT txn-13
COMMIT txn-16
COMMIT txn-18
COMMIT txn-29
COMMIT txn-22
COMMIT txn-8
COMMIT txn-7
COMMIT txn-11
COMMIT txn-3
COMMIT txn-35
COMMIT txn-10
COMMIT txn-20
COMMIT txn-42
COMMIT txn-1
COMMIT txn-2
COMMIT txn-5
COMMIT txn-36
COMMIT txn-9
COMMIT txn-33
COMMIT txn-26
RAFT_PROPOSE txn-46 [HOT_KEY]
RAFT_PROPOSE txn-49 [HOT_KEY]
RAFT_PROPOSE txn-45 [HOT_KEY]
RAFT_PROPOSE txn-44 [HOT_KEY]
RAFT_PROPOSE txn-41 [HOT_KEY]
RAFT_PROPOSE txn-43 [HOT_KEY]
RAFT_PROPOSE txn-40 [HOT_KEY]
RAFT_PROPOSE txn-48 [HOT_KEY]
COMMIT txn-8
COMMIT txn-3
COMMIT txn-18
COMMIT txn-33
COMMIT txn-6
COMMIT txn-42
COMMIT txn-4
COMMIT txn-20
COMMIT txn-17
COMMIT txn-7
COMMIT txn-23
COMMIT txn-32
COMMIT txn-37
COMMIT txn-15
COMMIT txn-35
COMMIT txn-29
COMMIT txn-16
COMMIT txn-12
COMMIT txn-11
COMMIT txn-30
COMMIT txn-36
COMMIT txn-27
COMMIT txn-2
COMMIT txn-24
COMMIT txn-22
COMMIT txn-0
COMMIT txn-25
COMMIT txn-21
COMMIT txn-26
COMMIT txn-34
COMMIT txn-5
COMMIT txn-10
COMMIT txn-38
COMMIT txn-14
COMMIT txn-1
COMMIT txn-19
COMMIT txn-13
COMMIT txn-28
COMMIT txn-9
COMMIT txn-31
COMMIT txn-39
